<?xml version="1.0" encoding="UTF-8"?>
<testng-results skipped="0" failed="0" ignored="0" total="2" passed="2">
  <reporter-output>
  </reporter-output>
  <suite name="Default suite" duration-ms="19558" started-at="2021-08-19T02:37:03Z" finished-at="2021-08-19T02:37:23Z">
    <groups>
    </groups>
    <test name="Default test" duration-ms="19558" started-at="2021-08-19T02:37:03Z" finished-at="2021-08-19T02:37:23Z">
      <class name="testCases.LoginPageTest">
        <test-method status="PASS" signature="setUp()[pri:0, instance:testCases.LoginPageTest@2f112965]" name="setUp" is-config="true" duration-ms="3180" started-at="2021-08-19T02:37:03Z" finished-at="2021-08-19T02:37:06Z">
          <reporter-output>
          </reporter-output>
        </test-method> <!-- setUp -->
        <test-method status="PASS" signature="loginTest()[pri:1, instance:testCases.LoginPageTest@2f112965]" name="loginTest" duration-ms="6539" started-at="2021-08-19T02:37:06Z" finished-at="2021-08-19T02:37:13Z">
          <reporter-output>
          </reporter-output>
        </test-method> <!-- loginTest -->
        <test-method status="PASS" signature="tearDown()[pri:0, instance:testCases.LoginPageTest@2f112965]" name="tearDown" is-config="true" duration-ms="651" started-at="2021-08-19T02:37:13Z" finished-at="2021-08-19T02:37:14Z">
          <reporter-output>
          </reporter-output>
        </test-method> <!-- tearDown -->
        <test-method status="PASS" signature="setUp()[pri:0, instance:testCases.LoginPageTest@2f112965]" name="setUp" is-config="true" duration-ms="2676" started-at="2021-08-19T02:37:14Z" finished-at="2021-08-19T02:37:16Z">
          <reporter-output>
          </reporter-output>
        </test-method> <!-- setUp -->
        <test-method status="PASS" signature="loginpageTitleTest()[pri:2, instance:testCases.LoginPageTest@2f112965]" name="loginpageTitleTest" duration-ms="5829" started-at="2021-08-19T02:37:16Z" finished-at="2021-08-19T02:37:22Z">
          <reporter-output>
          </reporter-output>
        </test-method> <!-- loginpageTitleTest -->
        <test-method status="PASS" signature="tearDown()[pri:0, instance:testCases.LoginPageTest@2f112965]" name="tearDown" is-config="true" duration-ms="647" started-at="2021-08-19T02:37:22Z" finished-at="2021-08-19T02:37:23Z">
          <reporter-output>
          </reporter-output>
        </test-method> <!-- tearDown -->
      </class> <!-- testCases.LoginPageTest -->
    </test> <!-- Default test -->
  </suite> <!-- Default suite -->
</testng-results>
